<?xml version="1.0" encoding="UTF-8"?>
<!-- Generated by org.testng.reporters.JUnitXMLReporter -->
<testsuite hostname="DESKTOP-QL74M3G" ignored="0" name="Test" tests="32" failures="4" timestamp="2020-04-07T13:34:31 IST" time="40.569" errors="0">
  <testcase name="CheckresponseBody" time="0.049" classname="com.ApiTestcases.TC001_Get_All_Employees"/>
  <testcase name="checkresponsecode" time="0.0" classname="com.ApiTestcases.TC001_Get_All_Employees"/>
  <testcase name="CheckResponseTime" time="0.0" classname="com.ApiTestcases.TC001_Get_All_Employees"/>
  <testcase name="checkstatusline" time="0.0" classname="com.ApiTestcases.TC001_Get_All_Employees"/>
  <testcase name="checkcontenttype" time="0.0" classname="com.ApiTestcases.TC001_Get_All_Employees"/>
  <testcase name="checkservertype" time="0.016" classname="com.ApiTestcases.TC001_Get_All_Employees"/>
  <testcase name="checkcontentencoding" time="0.0" classname="com.ApiTestcases.TC001_Get_All_Employees"/>
  <testcase name="checkcontentlength" time="0.0" classname="com.ApiTestcases.TC001_Get_All_Employees"/>
  <testcase name="CheckresponseBody" time="0.004" classname="com.ApiTestcases.TC002_Get_single_employee_record"/>
  <testcase name="checkresponsecode" time="0.0" classname="com.ApiTestcases.TC002_Get_single_employee_record"/>
  <testcase name="CheckResponseTime" time="0.0" classname="com.ApiTestcases.TC002_Get_single_employee_record"/>
  <testcase name="checkstatusline" time="0.0" classname="com.ApiTestcases.TC002_Get_single_employee_record"/>
  <testcase name="checkcontenttype" time="0.0" classname="com.ApiTestcases.TC002_Get_single_employee_record"/>
  <testcase name="checkservertype" time="0.0" classname="com.ApiTestcases.TC002_Get_single_employee_record"/>
  <testcase name="checkcontentencoding" time="0.0" classname="com.ApiTestcases.TC002_Get_single_employee_record"/>
  <testcase name="checkcontentlength" time="0.0" classname="com.ApiTestcases.TC002_Get_single_employee_record"/>
  <testcase name="checkresponsebody" time="0.002" classname="com.ApiTestcases.TC003_Post_Employee_Record"/>
  <testcase name="checkStatusCode" time="0.002" classname="com.ApiTestcases.TC003_Post_Employee_Record"/>
  <testcase name="checkstatusLine" time="0.002" classname="com.ApiTestcases.TC003_Post_Employee_Record"/>
  <testcase name="checkContentType" time="0.001" classname="com.ApiTestcases.TC003_Post_Employee_Record"/>
  <testcase name="checkserverType" time="0.001" classname="com.ApiTestcases.TC003_Post_Employee_Record"/>
  <testcase name="checkresponsebody" time="0.0" classname="com.ApiTestcases.TC004_Put_Employee_Record">
    <failure type="java.lang.AssertionError" message="expected [true] but found [false]">
      <![CDATA[java.lang.AssertionError: expected [true] but found [false]
at com.ApiTestcases.TC004_Put_Employee_Record.checkresponsebody(TC004_Put_Employee_Record.java:53)
at java.util.ArrayList.forEach(ArrayList.java:1257)
... Removed 32 stack frames]]>
    </failure>
  </testcase> <!-- checkresponsebody -->
  <testcase name="checkStatusCode" time="0.0" classname="com.ApiTestcases.TC004_Put_Employee_Record"/>
  <testcase name="checkstatusLine" time="0.0" classname="com.ApiTestcases.TC004_Put_Employee_Record"/>
  <testcase name="checkContentType" time="0.0" classname="com.ApiTestcases.TC004_Put_Employee_Record"/>
  <testcase name="checkserverType" time="0.0" classname="com.ApiTestcases.TC004_Put_Employee_Record"/>
  <testcase name="checkResposeBody" time="0.0" classname="com.ApiTestcases.TC005_Delete_Employee_Record">
    <failure type="java.lang.AssertionError" message="expected [true] but found [false]">
      <![CDATA[java.lang.AssertionError: expected [true] but found [false]
at com.ApiTestcases.TC005_Delete_Employee_Record.checkResposeBody(TC005_Delete_Employee_Record.java:46)
at java.util.ArrayList.forEach(ArrayList.java:1257)
... Removed 32 stack frames]]>
    </failure>
  </testcase> <!-- checkResposeBody -->
  <testcase name="checkStatusCode" time="0.0" classname="com.ApiTestcases.TC005_Delete_Employee_Record"/>
  <testcase name="checkstatusLine" time="0.0" classname="com.ApiTestcases.TC005_Delete_Employee_Record"/>
  <testcase name="checkContentType" time="0.0" classname="com.ApiTestcases.TC005_Delete_Employee_Record">
    <failure type="java.lang.AssertionError" message="expected [text/html; charset=UTF-8] but found [application/json;charset=utf-8]">
      <![CDATA[java.lang.AssertionError: expected [text/html; charset=UTF-8] but found [application/json;charset=utf-8]
at com.ApiTestcases.TC005_Delete_Employee_Record.checkContentType(TC005_Delete_Employee_Record.java:69)
at java.util.ArrayList.forEach(ArrayList.java:1257)
... Removed 32 stack frames]]>
    </failure>
  </testcase> <!-- checkContentType -->
  <testcase name="checkserverType" time="0.0" classname="com.ApiTestcases.TC005_Delete_Employee_Record"/>
  <testcase name="checkcontentEncoding" time="0.016" classname="com.ApiTestcases.TC005_Delete_Employee_Record">
    <failure type="java.lang.AssertionError" message="expected [gzip] but found [null]">
      <![CDATA[java.lang.AssertionError: expected [gzip] but found [null]
at com.ApiTestcases.TC005_Delete_Employee_Record.checkcontentEncoding(TC005_Delete_Employee_Record.java:83)
at java.util.ArrayList.forEach(ArrayList.java:1257)
... Removed 33 stack frames]]>
    </failure>
  </testcase> <!-- checkcontentEncoding -->
</testsuite> <!-- Test -->
